<?xml version="1.0" encoding="UTF-8"?>
<!-- Generated by org.testng.reporters.JUnitReportReporter -->
<testsuite hostname="user-MS-7B28" failures="0" tests="1" name="bonus.test.TestBase" time="16.007" errors="0" timestamp="17 May 2019 09:18:49 GMT" skipped="0">
  <testcase classname="bonus.test.TestBase" name="setup" time="16.007"/>
</testsuite> <!-- bonus.test.TestBase -->
